<?xml version="1.0" encoding="UTF-8"?>
<!-- Generated by org.testng.reporters.JUnitReportReporter -->
<testsuite hostname="WKWZTA36kwGv67l" failures="0" tests="1" name="day3.CookiesDemo" time="2.290" errors="0" timestamp="2025-03-15T13:48:43 IST" skipped="0">
  <testcase classname="day3.CookiesDemo" name="getLogs" time="2.290"/>
</testsuite> <!-- day3.CookiesDemo -->
