<?xml version="1.0" encoding="UTF-8"?>
<!-- Generated by org.testng.reporters.JUnitReportReporter -->
<testsuite hostname="WKWZTA36kwGv67l" failures="0" tests="4" name="day1.Http" time="8.126" errors="0" timestamp="2025-03-14T18:00:01 IST" skipped="0">
  <testcase classname="day1.Http" name="getUser" time="3.306"/>
  <testcase classname="day1.Http" name="createUser" time="1.945"/>
  <testcase classname="day1.Http" name="updateUser" time="1.444"/>
  <testcase classname="day1.Http" name="deleteUser" time="1.431"/>
</testsuite> <!-- day1.Http -->
