<?xml version="1.0" encoding="UTF-8"?>
<!-- Generated by org.testng.reporters.JUnitReportReporter -->
<testsuite hostname="WKWZTA36kwGv67l" failures="0" tests="1" name="day3.PathAndQuerParameter" time="2.740" errors="0" timestamp="2025-03-15T11:27:35 IST" skipped="0">
  <testcase classname="day3.PathAndQuerParameter" name="PathAndQuery" time="2.740"/>
</testsuite> <!-- day3.PathAndQuerParameter -->
