<?xml version="1.0" encoding="UTF-8"?>
<!-- Generated by org.testng.reporters.JUnitReportReporter -->
<testsuite hostname="WKWZTA36kwGv67l" failures="0" tests="1" name="day4.ParsingJSONResponseData" time="2.243" errors="0" timestamp="2025-03-15T17:10:56 IST" skipped="0">
  <testcase classname="day4.ParsingJSONResponseData" name="parsingBody" time="2.243"/>
</testsuite> <!-- day4.ParsingJSONResponseData -->
